PID 2102504 - Device cuda:0 - Experiment config (beta=1, h_size=64, n_layer=2, shuffle=True, seed=1, test=False, store_gpu=True, layer_norm=False, num_epochs=10000, repetitions=1, lr=0.0005, Tik=False, decay=0.001, clip=1, env=AC, num_trajs=15, batch_size=512): Starting data generation
PID 2102504 - Device cuda:0 - Using GPU: Tesla V100-DGXS-32GB
PID 2102504 - Device cuda:0 - Allocated GPU memory: 0.00 GB
PID 2102506 - Device cuda:0 - Experiment config (beta=1, h_size=64, n_layer=2, shuffle=True, seed=1, test=False, store_gpu=True, layer_norm=False, num_epochs=10000, repetitions=1, lr=0.0005, Tik=False, decay=0.001, clip=1, env=CP, num_trajs=2, batch_size=64): Starting data generation
PID 2102506 - Device cuda:0 - Using GPU: Tesla V100-DGXS-32GB
PID 2102506 - Device cuda:0 - Allocated GPU memory: 0.00 GB
PID 2102505 - Device cuda:0 - Experiment config (beta=1, h_size=64, n_layer=2, shuffle=True, seed=1, test=False, store_gpu=True, layer_norm=False, num_epochs=10000, repetitions=1, lr=0.0005, Tik=False, decay=0.001, clip=1, env=AC, num_trajs=2, batch_size=64): Starting data generation
PID 2102505 - Device cuda:0 - Using GPU: Tesla V100-DGXS-32GB
PID 2102505 - Device cuda:0 - Allocated GPU memory: 0.00 GB
PID 2102500 - Device cuda:0 - Experiment config (beta=1, h_size=64, n_layer=2, shuffle=True, seed=1, test=False, store_gpu=True, layer_norm=False, num_epochs=10000, repetitions=1, lr=0.0005, Tik=False, decay=0.001, clip=1, env=CP, num_trajs=15, batch_size=512): Starting data generation
PID 2102501 - Device cuda:0 - Experiment config (beta=1, h_size=64, n_layer=2, shuffle=True, seed=1, test=False, store_gpu=True, layer_norm=False, num_epochs=10000, repetitions=1, lr=0.0005, Tik=False, decay=0.001, clip=1, env=LL, num_trajs=15, batch_size=512): Starting data generation
PID 2102500 - Device cuda:0 - Using GPU: Tesla V100-DGXS-32GB
PID 2102501 - Device cuda:0 - Using GPU: Tesla V100-DGXS-32GB
PID 2102501 - Device cuda:0 - Allocated GPU memory: 0.00 GB
PID 2102500 - Device cuda:0 - Allocated GPU memory: 0.00 GB
PID 2102503 - Device cuda:0 - Experiment config (beta=1, h_size=64, n_layer=2, shuffle=True, seed=1, test=False, store_gpu=True, layer_norm=False, num_epochs=10000, repetitions=1, lr=0.0005, Tik=False, decay=0.001, clip=1, env=LL, num_trajs=2, batch_size=64): Starting data generation
PID 2102503 - Device cuda:0 - Using GPU: Tesla V100-DGXS-32GB
PID 2102503 - Device cuda:0 - Allocated GPU memory: 0.00 GB
PID 2102498 - Device cuda:0 - Experiment config (beta=1, h_size=64, n_layer=2, shuffle=True, seed=1, test=False, store_gpu=True, layer_norm=False, num_epochs=10000, repetitions=1, lr=0.0005, Tik=False, decay=0.001, clip=1, env=AC, num_trajs=15, batch_size=512): Starting data generation
PID 2102498 - Device cuda:0 - Using GPU: Tesla V100-DGXS-32GB
PID 2102498 - Device cuda:0 - Allocated GPU memory: 0.00 GB
PID 2102509 - Device cuda:0 - Experiment config (beta=1, h_size=64, n_layer=2, shuffle=True, seed=1, test=False, store_gpu=True, layer_norm=False, num_epochs=10000, repetitions=1, lr=0.0005, Tik=False, decay=0.001, clip=1, env=AC, num_trajs=2, batch_size=64): Starting data generation
PID 2102509 - Device cuda:0 - Using GPU: Tesla V100-DGXS-32GB
PID 2102509 - Device cuda:0 - Allocated GPU memory: 0.00 GB
PID 2102502 - Device cuda:0 - Experiment config (beta=1, h_size=64, n_layer=2, shuffle=True, seed=1, test=False, store_gpu=True, layer_norm=False, num_epochs=10000, repetitions=1, lr=0.0005, Tik=False, decay=0.001, clip=1, env=CP, num_trajs=2, batch_size=64): Starting data generation
PID 2102502 - Device cuda:0 - Using GPU: Tesla V100-DGXS-32GB
PID 2102502 - Device cuda:0 - Allocated GPU memory: 0.00 GB
PID 2102510 - Device cuda:0 - Experiment config (beta=1, h_size=64, n_layer=2, shuffle=True, seed=1, test=False, store_gpu=True, layer_norm=False, num_epochs=10000, repetitions=1, lr=0.0005, Tik=False, decay=0.001, clip=1, env=LL, num_trajs=15, batch_size=512): Starting data generation
PID 2102510 - Device cuda:0 - Using GPU: Tesla V100-DGXS-32GB
PID 2102511 - Device cuda:0 - Experiment config (beta=1, h_size=64, n_layer=2, shuffle=True, seed=1, test=False, store_gpu=True, layer_norm=False, num_epochs=10000, repetitions=1, lr=0.0005, Tik=False, decay=0.001, clip=1, env=CP, num_trajs=15, batch_size=512): Starting data generation
PID 2102510 - Device cuda:0 - Allocated GPU memory: 0.00 GB
PID 2102511 - Device cuda:0 - Using GPU: Tesla V100-DGXS-32GB
PID 2102511 - Device cuda:0 - Allocated GPU memory: 0.00 GB
PID 2102513 - Device cuda:0 - Experiment config (beta=1, h_size=64, n_layer=2, shuffle=True, seed=1, test=False, store_gpu=True, layer_norm=False, num_epochs=10000, repetitions=1, lr=0.0005, Tik=False, decay=0.001, clip=1, env=LL, num_trajs=2, batch_size=64): Starting data generation
PID 2102513 - Device cuda:0 - Using GPU: Tesla V100-DGXS-32GB
PID 2102513 - Device cuda:0 - Allocated GPU memory: 0.00 GB
PID 2102526 - Device cuda:0 - Experiment config (beta=1, h_size=64, n_layer=2, shuffle=True, seed=1, test=False, store_gpu=True, layer_norm=False, num_epochs=10000, repetitions=1, lr=0.0005, Tik=False, decay=0.001, clip=1, env=CP, num_trajs=15, batch_size=512): Starting data generation
PID 2102526 - Device cuda:0 - Using GPU: Tesla V100-DGXS-32GB
PID 2102526 - Device cuda:0 - Allocated GPU memory: 0.00 GB
PID 2102517 - Device cuda:0 - Experiment config (beta=1, h_size=64, n_layer=2, shuffle=True, seed=1, test=False, store_gpu=True, layer_norm=False, num_epochs=10000, repetitions=1, lr=0.0005, Tik=False, decay=0.001, clip=1, env=LL, num_trajs=2, batch_size=64): Starting data generation
PID 2102517 - Device cuda:0 - Using GPU: Tesla V100-DGXS-32GB
PID 2102517 - Device cuda:0 - Allocated GPU memory: 0.00 GB
PID 2102515 - Device cuda:0 - Experiment config (beta=1, h_size=64, n_layer=2, shuffle=True, seed=1, test=False, store_gpu=True, layer_norm=False, num_epochs=10000, repetitions=1, lr=0.0005, Tik=False, decay=0.001, clip=1, env=AC, num_trajs=2, batch_size=64): Starting data generation
PID 2102515 - Device cuda:0 - Using GPU: Tesla V100-DGXS-32GB
PID 2102515 - Device cuda:0 - Allocated GPU memory: 0.00 GB
PID 2102508 - Device cuda:0 - Experiment config (beta=1, h_size=64, n_layer=2, shuffle=True, seed=1, test=False, store_gpu=True, layer_norm=False, num_epochs=10000, repetitions=1, lr=0.0005, Tik=False, decay=0.001, clip=1, env=AC, num_trajs=15, batch_size=512): Starting data generation
PID 2102508 - Device cuda:0 - Using GPU: Tesla V100-DGXS-32GB
PID 2102508 - Device cuda:0 - Allocated GPU memory: 0.00 GB
PID 2102519 - Device cuda:0 - Experiment config (beta=1, h_size=64, n_layer=2, shuffle=True, seed=1, test=False, store_gpu=True, layer_norm=False, num_epochs=10000, repetitions=1, lr=0.0005, Tik=False, decay=0.001, clip=1, env=CP, num_trajs=2, batch_size=64): Starting data generation
PID 2102519 - Device cuda:0 - Using GPU: Tesla V100-DGXS-32GB
PID 2102519 - Device cuda:0 - Allocated GPU memory: 0.00 GB
PID 2102499 - Device cuda:0 - Experiment config (beta=1, h_size=64, n_layer=2, shuffle=True, seed=1, test=False, store_gpu=True, layer_norm=False, num_epochs=10000, repetitions=1, lr=0.0005, Tik=False, decay=0.001, clip=1, env=LL, num_trajs=15, batch_size=512): Starting data generation
PID 2102499 - Device cuda:0 - Using GPU: Tesla V100-DGXS-32GB
PID 2102499 - Device cuda:0 - Allocated GPU memory: 0.00 GB
PID 2102522 - Device cuda:0 - Experiment config (beta=1, h_size=64, n_layer=2, shuffle=True, seed=1, test=False, store_gpu=True, layer_norm=False, num_epochs=10000, repetitions=1, lr=0.0005, Tik=False, decay=0.001, clip=1, env=CP, num_trajs=2, batch_size=64): Starting data generation
PID 2102522 - Device cuda:0 - Using GPU: Tesla V100-DGXS-32GB
PID 2102522 - Device cuda:0 - Allocated GPU memory: 0.00 GB
PID 2102520 - Device cuda:0 - Experiment config (beta=1, h_size=64, n_layer=2, shuffle=True, seed=1, test=False, store_gpu=True, layer_norm=False, num_epochs=10000, repetitions=1, lr=0.0005, Tik=False, decay=0.001, clip=1, env=LL, num_trajs=2, batch_size=64): Starting data generation
PID 2102520 - Device cuda:0 - Using GPU: Tesla V100-DGXS-32GB
PID 2102520 - Device cuda:0 - Allocated GPU memory: 0.00 GB
PID 2102518 - Device cuda:0 - Experiment config (beta=1, h_size=64, n_layer=2, shuffle=True, seed=1, test=False, store_gpu=True, layer_norm=False, num_epochs=10000, repetitions=1, lr=0.0005, Tik=False, decay=0.001, clip=1, env=AC, num_trajs=15, batch_size=512): Starting data generation
PID 2102518 - Device cuda:0 - Using GPU: Tesla V100-DGXS-32GB
PID 2102518 - Device cuda:0 - Allocated GPU memory: 0.00 GB
PID 2102507 - Device cuda:0 - Experiment config (beta=1, h_size=64, n_layer=2, shuffle=True, seed=1, test=False, store_gpu=True, layer_norm=False, num_epochs=10000, repetitions=1, lr=0.0005, Tik=False, decay=0.001, clip=1, env=LL, num_trajs=15, batch_size=512): Starting data generation
PID 2102507 - Device cuda:0 - Using GPU: Tesla V100-DGXS-32GB
PID 2102507 - Device cuda:0 - Allocated GPU memory: 0.00 GB
PID 2102512 - Device cuda:0 - Experiment config (beta=1, h_size=64, n_layer=2, shuffle=True, seed=1, test=False, store_gpu=True, layer_norm=False, num_epochs=10000, repetitions=1, lr=0.0005, Tik=False, decay=0.001, clip=1, env=AC, num_trajs=2, batch_size=64): Starting data generation
PID 2102512 - Device cuda:0 - Using GPU: Tesla V100-DGXS-32GB
PID 2102512 - Device cuda:0 - Allocated GPU memory: 0.00 GB
PID 2102514 - Device cuda:0 - Experiment config (beta=1, h_size=64, n_layer=2, shuffle=True, seed=1, test=False, store_gpu=True, layer_norm=False, num_epochs=10000, repetitions=1, lr=0.0005, Tik=False, decay=0.001, clip=1, env=CP, num_trajs=15, batch_size=512): Starting data generation
PID 2102514 - Device cuda:0 - Using GPU: Tesla V100-DGXS-32GB
PID 2102514 - Device cuda:0 - Allocated GPU memory: 0.00 GB
PID 2105971 - Device cuda:0 - Experiment config (beta=1, h_size=64, n_layer=2, shuffle=True, seed=1, test=False, store_gpu=True, layer_norm=False, num_epochs=10000, repetitions=1, lr=0.0005, Tik=False, decay=0.001, clip=1, env=CP, num_trajs=2, batch_size=64): Starting data generation
PID 2105971 - Device cuda:0 - Using GPU: Tesla V100-DGXS-32GB
PID 2105971 - Device cuda:0 - Allocated GPU memory: 0.00 GB
PID 2105965 - Device cuda:0 - Experiment config (beta=1, h_size=64, n_layer=2, shuffle=True, seed=1, test=False, store_gpu=True, layer_norm=False, num_epochs=10000, repetitions=1, lr=0.0005, Tik=False, decay=0.001, clip=1, env=AC, num_trajs=15, batch_size=512): Starting data generation
PID 2105965 - Device cuda:0 - Using GPU: Tesla V100-DGXS-32GB
PID 2105965 - Device cuda:0 - Allocated GPU memory: 0.00 GB
PID 2105972 - Device cuda:0 - Experiment config (beta=1, h_size=64, n_layer=2, shuffle=True, seed=1, test=False, store_gpu=True, layer_norm=False, num_epochs=10000, repetitions=1, lr=0.0005, Tik=False, decay=0.001, clip=1, env=LL, num_trajs=2, batch_size=64): Starting data generation
PID 2105972 - Device cuda:0 - Using GPU: Tesla V100-DGXS-32GB
PID 2105972 - Device cuda:0 - Allocated GPU memory: 0.00 GB
PID 2105973 - Device cuda:0 - Experiment config (beta=1, h_size=64, n_layer=2, shuffle=True, seed=1, test=False, store_gpu=True, layer_norm=False, num_epochs=10000, repetitions=1, lr=0.0005, Tik=False, decay=0.001, clip=1, env=AC, num_trajs=2, batch_size=64): Starting data generation
PID 2105973 - Device cuda:0 - Using GPU: Tesla V100-DGXS-32GB
PID 2105973 - Device cuda:0 - Allocated GPU memory: 0.00 GB
PID 2105966 - Device cuda:0 - Experiment config (beta=1, h_size=64, n_layer=2, shuffle=True, seed=1, test=False, store_gpu=True, layer_norm=False, num_epochs=10000, repetitions=1, lr=0.0005, Tik=False, decay=0.001, clip=1, env=LL, num_trajs=15, batch_size=512): Starting data generation
PID 2105966 - Device cuda:0 - Using GPU: Tesla V100-DGXS-32GB
PID 2105966 - Device cuda:0 - Allocated GPU memory: 0.00 GB
PID 2105968 - Device cuda:0 - Experiment config (beta=1, h_size=64, n_layer=2, shuffle=True, seed=1, test=False, store_gpu=True, layer_norm=False, num_epochs=10000, repetitions=1, lr=0.0005, Tik=False, decay=0.001, clip=1, env=CP, num_trajs=15, batch_size=512): Starting data generation
PID 2105968 - Device cuda:0 - Using GPU: Tesla V100-DGXS-32GB
PID 2105968 - Device cuda:0 - Allocated GPU memory: 0.00 GB
PID 2105963 - Device cuda:0 - Experiment config (beta=1, h_size=64, n_layer=2, shuffle=True, seed=1, test=False, store_gpu=True, layer_norm=False, num_epochs=10000, repetitions=1, lr=0.0005, Tik=False, decay=0.001, clip=1, env=LL, num_trajs=2, batch_size=64): Starting data generation
PID 2105963 - Device cuda:0 - Using GPU: Tesla V100-DGXS-32GB
PID 2105963 - Device cuda:0 - Allocated GPU memory: 0.00 GB
PID 2105975 - Device cuda:0 - Experiment config (beta=1, h_size=64, n_layer=2, shuffle=True, seed=1, test=False, store_gpu=True, layer_norm=False, num_epochs=10000, repetitions=1, lr=0.0005, Tik=False, decay=0.001, clip=1, env=CP, num_trajs=15, batch_size=512): Starting data generation
PID 2105977 - Device cuda:0 - Experiment config (beta=1, h_size=64, n_layer=2, shuffle=True, seed=1, test=False, store_gpu=True, layer_norm=False, num_epochs=10000, repetitions=1, lr=0.0005, Tik=False, decay=0.001, clip=1, env=LL, num_trajs=15, batch_size=512): Starting data generation
PID 2105975 - Device cuda:0 - Using GPU: Tesla V100-DGXS-32GB
PID 2105977 - Device cuda:0 - Using GPU: Tesla V100-DGXS-32GB
PID 2105975 - Device cuda:0 - Allocated GPU memory: 0.00 GB
PID 2105977 - Device cuda:0 - Allocated GPU memory: 0.00 GB
PID 2105967 - Device cuda:0 - Experiment config (beta=1, h_size=64, n_layer=2, shuffle=True, seed=1, test=False, store_gpu=True, layer_norm=False, num_epochs=10000, repetitions=1, lr=0.0005, Tik=False, decay=0.001, clip=1, env=CP, num_trajs=2, batch_size=64): Starting data generation
PID 2105967 - Device cuda:0 - Using GPU: Tesla V100-DGXS-32GB
PID 2105967 - Device cuda:0 - Allocated GPU memory: 0.00 GB
PID 2105969 - Device cuda:0 - Experiment config (beta=1, h_size=64, n_layer=2, shuffle=True, seed=1, test=False, store_gpu=True, layer_norm=False, num_epochs=10000, repetitions=1, lr=0.0005, Tik=False, decay=0.001, clip=1, env=AC, num_trajs=2, batch_size=64): Starting data generation
PID 2105969 - Device cuda:0 - Using GPU: Tesla V100-DGXS-32GB
PID 2105969 - Device cuda:0 - Allocated GPU memory: 0.00 GB
PID 2105974 - Device cuda:0 - Experiment config (beta=1, h_size=64, n_layer=2, shuffle=True, seed=1, test=False, store_gpu=True, layer_norm=False, num_epochs=10000, repetitions=1, lr=0.0005, Tik=False, decay=0.001, clip=1, env=AC, num_trajs=15, batch_size=512): Starting data generation
PID 2105974 - Device cuda:0 - Using GPU: Tesla V100-DGXS-32GB
PID 2105974 - Device cuda:0 - Allocated GPU memory: 0.00 GB
PID 2105991 - Device cuda:0 - Experiment config (beta=1, h_size=64, n_layer=2, shuffle=True, seed=1, test=False, store_gpu=True, layer_norm=False, num_epochs=10000, repetitions=1, lr=0.0005, Tik=False, decay=0.001, clip=1, env=LL, num_trajs=2, batch_size=64): Starting data generation
PID 2105991 - Device cuda:0 - Using GPU: Tesla V100-DGXS-32GB
PID 2105991 - Device cuda:0 - Allocated GPU memory: 0.00 GB
PID 2105964 - Device cuda:0 - Experiment config (beta=1, h_size=64, n_layer=2, shuffle=True, seed=1, test=False, store_gpu=True, layer_norm=False, num_epochs=10000, repetitions=1, lr=0.0005, Tik=False, decay=0.001, clip=1, env=CP, num_trajs=2, batch_size=64): Starting data generation
PID 2105964 - Device cuda:0 - Using GPU: Tesla V100-DGXS-32GB
PID 2105964 - Device cuda:0 - Allocated GPU memory: 0.00 GB
PID 2105983 - Device cuda:0 - Experiment config (beta=1, h_size=64, n_layer=2, shuffle=True, seed=1, test=False, store_gpu=True, layer_norm=False, num_epochs=10000, repetitions=1, lr=0.0005, Tik=False, decay=0.001, clip=1, env=AC, num_trajs=2, batch_size=64): Starting data generation
PID 2105983 - Device cuda:0 - Using GPU: Tesla V100-DGXS-32GB
PID 2105983 - Device cuda:0 - Allocated GPU memory: 0.00 GB
PID 2105980 - Device cuda:0 - Experiment config (beta=1, h_size=64, n_layer=2, shuffle=True, seed=1, test=False, store_gpu=True, layer_norm=False, num_epochs=10000, repetitions=1, lr=0.0005, Tik=False, decay=0.001, clip=1, env=LL, num_trajs=15, batch_size=512): Starting data generation
PID 2105980 - Device cuda:0 - Using GPU: Tesla V100-DGXS-32GB
PID 2105980 - Device cuda:0 - Allocated GPU memory: 0.00 GB
PID 2105979 - Device cuda:0 - Experiment config (beta=1, h_size=64, n_layer=2, shuffle=True, seed=1, test=False, store_gpu=True, layer_norm=False, num_epochs=10000, repetitions=1, lr=0.0005, Tik=False, decay=0.001, clip=1, env=CP, num_trajs=15, batch_size=512): Starting data generation
PID 2105978 - Device cuda:0 - Experiment config (beta=1, h_size=64, n_layer=2, shuffle=True, seed=1, test=False, store_gpu=True, layer_norm=False, num_epochs=10000, repetitions=1, lr=0.0005, Tik=False, decay=0.001, clip=1, env=AC, num_trajs=15, batch_size=512): Starting data generation
PID 2105979 - Device cuda:0 - Using GPU: Tesla V100-DGXS-32GB
PID 2105978 - Device cuda:0 - Using GPU: Tesla V100-DGXS-32GB
PID 2105979 - Device cuda:0 - Allocated GPU memory: 0.00 GB
PID 2105978 - Device cuda:0 - Allocated GPU memory: 0.00 GB
PID 2105987 - Device cuda:0 - Experiment config (beta=1, h_size=64, n_layer=2, shuffle=True, seed=1, test=False, store_gpu=True, layer_norm=False, num_epochs=10000, repetitions=1, lr=0.0005, Tik=False, decay=0.001, clip=1, env=LL, num_trajs=2, batch_size=64): Starting data generation
PID 2105987 - Device cuda:0 - Using GPU: Tesla V100-DGXS-32GB
PID 2105987 - Device cuda:0 - Allocated GPU memory: 0.00 GB
PID 2105989 - Device cuda:0 - Experiment config (beta=1, h_size=64, n_layer=2, shuffle=True, seed=1, test=False, store_gpu=True, layer_norm=False, num_epochs=10000, repetitions=1, lr=0.0005, Tik=False, decay=0.001, clip=1, env=CP, num_trajs=15, batch_size=512): Starting data generation
PID 2105989 - Device cuda:0 - Using GPU: Tesla V100-DGXS-32GB
PID 2105989 - Device cuda:0 - Allocated GPU memory: 0.00 GB
PID 2105970 - Device cuda:0 - Experiment config (beta=1, h_size=64, n_layer=2, shuffle=True, seed=1, test=False, store_gpu=True, layer_norm=False, num_epochs=10000, repetitions=1, lr=0.0005, Tik=False, decay=0.001, clip=1, env=AC, num_trajs=15, batch_size=512): Starting data generation
PID 2105970 - Device cuda:0 - Using GPU: Tesla V100-DGXS-32GB
PID 2105970 - Device cuda:0 - Allocated GPU memory: 0.00 GB
PID 2105981 - Device cuda:0 - Experiment config (beta=1, h_size=64, n_layer=2, shuffle=True, seed=1, test=False, store_gpu=True, layer_norm=False, num_epochs=10000, repetitions=1, lr=0.0005, Tik=False, decay=0.001, clip=1, env=LL, num_trajs=15, batch_size=512): Starting data generation
PID 2105981 - Device cuda:0 - Using GPU: Tesla V100-DGXS-32GB
PID 2105981 - Device cuda:0 - Allocated GPU memory: 0.00 GB
PID 2105984 - Device cuda:0 - Experiment config (beta=1, h_size=64, n_layer=2, shuffle=True, seed=1, test=False, store_gpu=True, layer_norm=False, num_epochs=10000, repetitions=1, lr=0.0005, Tik=False, decay=0.001, clip=1, env=CP, num_trajs=2, batch_size=64): Starting data generation
PID 2105984 - Device cuda:0 - Using GPU: Tesla V100-DGXS-32GB
PID 2105984 - Device cuda:0 - Allocated GPU memory: 0.00 GB
PID 2105982 - Device cuda:0 - Experiment config (beta=1, h_size=64, n_layer=2, shuffle=True, seed=1, test=False, store_gpu=True, layer_norm=False, num_epochs=10000, repetitions=1, lr=0.0005, Tik=False, decay=0.001, clip=1, env=AC, num_trajs=2, batch_size=64): Starting data generation
PID 2105982 - Device cuda:0 - Using GPU: Tesla V100-DGXS-32GB
PID 2105982 - Device cuda:0 - Allocated GPU memory: 0.00 GB
PID 2110031 - Device cuda:0 - Experiment config (beta=1, h_size=64, n_layer=2, shuffle=True, seed=1, test=False, store_gpu=True, layer_norm=False, num_epochs=10000, repetitions=1, lr=0.0005, Tik=False, decay=0.001, clip=1, env=LL, num_trajs=15, batch_size=512): Starting data generation
PID 2110031 - Device cuda:0 - Using GPU: Tesla V100-DGXS-32GB
PID 2110031 - Device cuda:0 - Allocated GPU memory: 0.00 GB
PID 2110035 - Device cuda:0 - Experiment config (beta=1, h_size=64, n_layer=2, shuffle=True, seed=1, test=False, store_gpu=True, layer_norm=False, num_epochs=10000, repetitions=1, lr=0.0005, Tik=False, decay=0.001, clip=1, env=AC, num_trajs=2, batch_size=64): Starting data generation
PID 2110035 - Device cuda:0 - Using GPU: Tesla V100-DGXS-32GB
PID 2110035 - Device cuda:0 - Allocated GPU memory: 0.00 GB
PID 2110042 - Device cuda:0 - Experiment config (beta=1, h_size=64, n_layer=2, shuffle=True, seed=1, test=False, store_gpu=True, layer_norm=False, num_epochs=10000, repetitions=1, lr=0.0005, Tik=False, decay=0.001, clip=1, env=CP, num_trajs=2, batch_size=64): Starting data generation
PID 2110042 - Device cuda:0 - Using GPU: Tesla V100-DGXS-32GB
PID 2110042 - Device cuda:0 - Allocated GPU memory: 0.00 GB
PID 2110032 - Device cuda:0 - Experiment config (beta=1, h_size=64, n_layer=2, shuffle=True, seed=1, test=False, store_gpu=True, layer_norm=False, num_epochs=10000, repetitions=1, lr=0.0005, Tik=False, decay=0.001, clip=1, env=CP, num_trajs=15, batch_size=512): Starting data generation
PID 2110032 - Device cuda:0 - Using GPU: Tesla V100-DGXS-32GB
PID 2110032 - Device cuda:0 - Allocated GPU memory: 0.00 GB
PID 2110039 - Device cuda:0 - Experiment config (beta=1, h_size=64, n_layer=2, shuffle=True, seed=1, test=False, store_gpu=True, layer_norm=False, num_epochs=10000, repetitions=1, lr=0.0005, Tik=False, decay=0.001, clip=1, env=LL, num_trajs=2, batch_size=64): Starting data generation
PID 2110039 - Device cuda:0 - Using GPU: Tesla V100-DGXS-32GB
PID 2110040 - Device cuda:0 - Experiment config (beta=1, h_size=64, n_layer=2, shuffle=True, seed=1, test=False, store_gpu=True, layer_norm=False, num_epochs=10000, repetitions=1, lr=0.0005, Tik=False, decay=0.001, clip=1, env=AC, num_trajs=15, batch_size=512): Starting data generation
PID 2110040 - Device cuda:0 - Using GPU: Tesla V100-DGXS-32GB
PID 2110039 - Device cuda:0 - Allocated GPU memory: 0.00 GB
PID 2110040 - Device cuda:0 - Allocated GPU memory: 0.00 GB
PID 2110033 - Device cuda:0 - Experiment config (beta=1, h_size=64, n_layer=2, shuffle=True, seed=1, test=False, store_gpu=True, layer_norm=False, num_epochs=10000, repetitions=1, lr=0.0005, Tik=False, decay=0.001, clip=1, env=CP, num_trajs=15, batch_size=512): Starting data generation
PID 2110033 - Device cuda:0 - Using GPU: Tesla V100-DGXS-32GB
PID 2110033 - Device cuda:0 - Allocated GPU memory: 0.00 GB
PID 2110043 - Device cuda:0 - Experiment config (beta=1, h_size=64, n_layer=2, shuffle=True, seed=1, test=False, store_gpu=True, layer_norm=False, num_epochs=10000, repetitions=1, lr=0.0005, Tik=False, decay=0.001, clip=1, env=AC, num_trajs=15, batch_size=512): Starting data generation
PID 2110043 - Device cuda:0 - Using GPU: Tesla V100-DGXS-32GB
PID 2110043 - Device cuda:0 - Allocated GPU memory: 0.00 GB
PID 2110034 - Device cuda:0 - Experiment config (beta=1, h_size=64, n_layer=2, shuffle=True, seed=1, test=False, store_gpu=True, layer_norm=False, num_epochs=10000, repetitions=1, lr=0.0005, Tik=False, decay=0.001, clip=1, env=AC, num_trajs=2, batch_size=64): Starting data generation
PID 2110034 - Device cuda:0 - Using GPU: Tesla V100-DGXS-32GB
PID 2110034 - Device cuda:0 - Allocated GPU memory: 0.00 GB
PID 2110037 - Device cuda:0 - Experiment config (beta=1, h_size=64, n_layer=2, shuffle=True, seed=1, test=False, store_gpu=True, layer_norm=False, num_epochs=10000, repetitions=1, lr=0.0005, Tik=False, decay=0.001, clip=1, env=LL, num_trajs=15, batch_size=512): Starting data generation
PID 2110037 - Device cuda:0 - Using GPU: Tesla V100-DGXS-32GB
PID 2110037 - Device cuda:0 - Allocated GPU memory: 0.00 GB
PID 2110036 - Device cuda:0 - Experiment config (beta=1, h_size=64, n_layer=2, shuffle=True, seed=1, test=False, store_gpu=True, layer_norm=False, num_epochs=10000, repetitions=1, lr=0.0005, Tik=False, decay=0.001, clip=1, env=CP, num_trajs=2, batch_size=64): Starting data generation
PID 2110036 - Device cuda:0 - Using GPU: Tesla V100-DGXS-32GB
PID 2110036 - Device cuda:0 - Allocated GPU memory: 0.00 GB
PID 2110044 - Device cuda:0 - Experiment config (beta=1, h_size=64, n_layer=2, shuffle=True, seed=1, test=False, store_gpu=True, layer_norm=False, num_epochs=10000, repetitions=1, lr=0.0005, Tik=False, decay=0.001, clip=1, env=LL, num_trajs=2, batch_size=64): Starting data generation
PID 2110044 - Device cuda:0 - Using GPU: Tesla V100-DGXS-32GB
PID 2110044 - Device cuda:0 - Allocated GPU memory: 0.00 GB
PID 2110038 - Device cuda:0 - Experiment config (beta=1, h_size=64, n_layer=2, shuffle=True, seed=1, test=False, store_gpu=True, layer_norm=False, num_epochs=10000, repetitions=1, lr=0.0005, Tik=False, decay=0.001, clip=1, env=AC, num_trajs=15, batch_size=512): Starting data generation
PID 2110038 - Device cuda:0 - Using GPU: Tesla V100-DGXS-32GB
PID 2110038 - Device cuda:0 - Allocated GPU memory: 0.00 GB
PID 2110047 - Device cuda:0 - Experiment config (beta=1, h_size=64, n_layer=2, shuffle=True, seed=1, test=False, store_gpu=True, layer_norm=False, num_epochs=10000, repetitions=1, lr=0.0005, Tik=False, decay=0.001, clip=1, env=LL, num_trajs=2, batch_size=64): Starting data generation
PID 2110047 - Device cuda:0 - Using GPU: Tesla V100-DGXS-32GB
PID 2110047 - Device cuda:0 - Allocated GPU memory: 0.00 GB
PID 2110045 - Device cuda:0 - Experiment config (beta=1, h_size=64, n_layer=2, shuffle=True, seed=1, test=False, store_gpu=True, layer_norm=False, num_epochs=10000, repetitions=1, lr=0.0005, Tik=False, decay=0.001, clip=1, env=AC, num_trajs=2, batch_size=64): Starting data generation
PID 2110041 - Device cuda:0 - Experiment config (beta=1, h_size=64, n_layer=2, shuffle=True, seed=1, test=False, store_gpu=True, layer_norm=False, num_epochs=10000, repetitions=1, lr=0.0005, Tik=False, decay=0.001, clip=1, env=CP, num_trajs=15, batch_size=512): Starting data generation
PID 2110045 - Device cuda:0 - Using GPU: Tesla V100-DGXS-32GB
PID 2110041 - Device cuda:0 - Using GPU: Tesla V100-DGXS-32GB
PID 2110045 - Device cuda:0 - Allocated GPU memory: 0.00 GB
PID 2110041 - Device cuda:0 - Allocated GPU memory: 0.00 GB
PID 2110051 - Device cuda:0 - Experiment config (beta=1, h_size=64, n_layer=2, shuffle=True, seed=1, test=False, store_gpu=True, layer_norm=False, num_epochs=10000, repetitions=1, lr=0.0005, Tik=False, decay=0.001, clip=1, env=LL, num_trajs=15, batch_size=512): Starting data generation
PID 2110051 - Device cuda:0 - Using GPU: Tesla V100-DGXS-32GB
PID 2110051 - Device cuda:0 - Allocated GPU memory: 0.00 GB
PID 2110050 - Device cuda:0 - Experiment config (beta=1, h_size=64, n_layer=2, shuffle=True, seed=1, test=False, store_gpu=True, layer_norm=False, num_epochs=10000, repetitions=1, lr=0.0005, Tik=False, decay=0.001, clip=1, env=CP, num_trajs=2, batch_size=64): Starting data generation
PID 2110050 - Device cuda:0 - Using GPU: Tesla V100-DGXS-32GB
PID 2110050 - Device cuda:0 - Allocated GPU memory: 0.00 GB
PID 2110058 - Device cuda:0 - Experiment config (beta=1, h_size=64, n_layer=2, shuffle=True, seed=1, test=False, store_gpu=True, layer_norm=False, num_epochs=10000, repetitions=1, lr=0.0005, Tik=False, decay=0.001, clip=1, env=LL, num_trajs=15, batch_size=512): Starting data generation
PID 2110058 - Device cuda:0 - Using GPU: Tesla V100-DGXS-32GB
PID 2110058 - Device cuda:0 - Allocated GPU memory: 0.00 GB
PID 2110048 - Device cuda:0 - Experiment config (beta=1, h_size=64, n_layer=2, shuffle=True, seed=1, test=False, store_gpu=True, layer_norm=False, num_epochs=10000, repetitions=1, lr=0.0005, Tik=False, decay=0.001, clip=1, env=CP, num_trajs=2, batch_size=64): Starting data generation
PID 2110048 - Device cuda:0 - Using GPU: Tesla V100-DGXS-32GB
PID 2110048 - Device cuda:0 - Allocated GPU memory: 0.00 GB
PID 2110052 - Device cuda:0 - Experiment config (beta=1, h_size=64, n_layer=2, shuffle=True, seed=1, test=False, store_gpu=True, layer_norm=False, num_epochs=10000, repetitions=1, lr=0.0005, Tik=False, decay=0.001, clip=1, env=AC, num_trajs=2, batch_size=64): Starting data generation
PID 2110052 - Device cuda:0 - Using GPU: Tesla V100-DGXS-32GB
PID 2110052 - Device cuda:0 - Allocated GPU memory: 0.00 GB
PID 2110053 - Device cuda:0 - Experiment config (beta=1, h_size=64, n_layer=2, shuffle=True, seed=1, test=False, store_gpu=True, layer_norm=False, num_epochs=10000, repetitions=1, lr=0.0005, Tik=False, decay=0.001, clip=1, env=CP, num_trajs=15, batch_size=512): Starting data generation
PID 2110053 - Device cuda:0 - Using GPU: Tesla V100-DGXS-32GB
PID 2110053 - Device cuda:0 - Allocated GPU memory: 0.00 GB
PID 2110049 - Device cuda:0 - Experiment config (beta=1, h_size=64, n_layer=2, shuffle=True, seed=1, test=False, store_gpu=True, layer_norm=False, num_epochs=10000, repetitions=1, lr=0.0005, Tik=False, decay=0.001, clip=1, env=AC, num_trajs=15, batch_size=512): Starting data generation
PID 2110049 - Device cuda:0 - Using GPU: Tesla V100-DGXS-32GB
PID 2110049 - Device cuda:0 - Allocated GPU memory: 0.00 GB
PID 2110046 - Device cuda:0 - Experiment config (beta=1, h_size=64, n_layer=2, shuffle=True, seed=1, test=False, store_gpu=True, layer_norm=False, num_epochs=10000, repetitions=1, lr=0.0005, Tik=False, decay=0.001, clip=1, env=LL, num_trajs=2, batch_size=64): Starting data generation
PID 2110046 - Device cuda:0 - Using GPU: Tesla V100-DGXS-32GB
PID 2110046 - Device cuda:0 - Allocated GPU memory: 0.00 GB
PID 2113485 - Device cuda:0 - Experiment config (beta=1, h_size=64, n_layer=2, shuffle=True, seed=1, test=False, store_gpu=True, layer_norm=False, num_epochs=10000, repetitions=1, lr=0.0005, Tik=False, decay=0.001, clip=1, env=CP, num_trajs=15, batch_size=256): Starting data generation
PID 2113485 - Device cuda:0 - Using GPU: Tesla V100-DGXS-32GB
PID 2113485 - Device cuda:0 - Allocated GPU memory: 0.00 GB
PID 2113483 - Device cuda:0 - Experiment config (beta=1, h_size=64, n_layer=2, shuffle=True, seed=1, test=False, store_gpu=True, layer_norm=False, num_epochs=10000, repetitions=1, lr=0.0005, Tik=False, decay=0.001, clip=1, env=CP, num_trajs=15, batch_size=256): Starting data generation
PID 2113483 - Device cuda:0 - Using GPU: Tesla V100-DGXS-32GB
PID 2113483 - Device cuda:0 - Allocated GPU memory: 0.00 GB
PID 2113491 - Device cuda:0 - Experiment config (beta=1, h_size=64, n_layer=2, shuffle=True, seed=1, test=False, store_gpu=True, layer_norm=False, num_epochs=10000, repetitions=1, lr=0.0005, Tik=False, decay=0.001, clip=1, env=CP, num_trajs=15, batch_size=256): Starting data generation
PID 2113491 - Device cuda:0 - Using GPU: Tesla V100-DGXS-32GB
PID 2113491 - Device cuda:0 - Allocated GPU memory: 0.00 GB
PID 2113487 - Device cuda:0 - Experiment config (beta=1, h_size=64, n_layer=2, shuffle=True, seed=1, test=False, store_gpu=True, layer_norm=False, num_epochs=10000, repetitions=1, lr=0.0005, Tik=False, decay=0.001, clip=1, env=CP, num_trajs=15, batch_size=256): Starting data generation
PID 2113487 - Device cuda:0 - Using GPU: Tesla V100-DGXS-32GB
PID 2113487 - Device cuda:0 - Allocated GPU memory: 0.00 GB
PID 2116739 - Device cuda:0 - Experiment config (beta=1, h_size=64, n_layer=2, shuffle=True, seed=1, test=False, store_gpu=True, layer_norm=False, num_epochs=10000, repetitions=1, lr=0.0005, Tik=False, decay=0.001, clip=1, env=CP, num_trajs=15, batch_size=256): Starting data generation
PID 2116739 - Device cuda:0 - Using GPU: Tesla V100-DGXS-32GB
PID 2116739 - Device cuda:0 - Allocated GPU memory: 0.00 GB
PID 2119652 - Device cuda:0 - Experiment config (beta=1, h_size=64, n_layer=2, shuffle=True, seed=1, test=False, store_gpu=True, layer_norm=False, num_epochs=10000, repetitions=1, lr=0.0005, Tik=False, decay=0.001, clip=1, env=CP, num_trajs=15, batch_size=256): Starting data generation
PID 2119652 - Device cuda:0 - Using GPU: Tesla V100-DGXS-32GB
PID 2119652 - Device cuda:0 - Allocated GPU memory: 0.00 GB
PID 2122585 - Device cuda:0 - Experiment config (beta=1, h_size=64, n_layer=2, shuffle=True, seed=1, test=False, store_gpu=True, layer_norm=False, num_epochs=10000, repetitions=1, lr=0.0005, Tik=False, decay=0.001, clip=1, env=CP, num_trajs=15, batch_size=256): Starting data generation
PID 2122585 - Device cuda:0 - Using GPU: Tesla V100-DGXS-32GB
PID 2122585 - Device cuda:0 - Allocated GPU memory: 0.00 GB
PID 2125850 - Device cuda:0 - Experiment config (beta=1, h_size=64, n_layer=2, shuffle=True, seed=1, test=False, store_gpu=True, layer_norm=False, num_epochs=10000, repetitions=1, lr=0.0005, Tik=False, decay=0.001, clip=1, env=CP, num_trajs=15, batch_size=256): Starting data generation
PID 2125850 - Device cuda:0 - Using GPU: Tesla V100-DGXS-32GB
PID 2125850 - Device cuda:0 - Allocated GPU memory: 0.00 GB
PID 2133162 - Device cuda:0 - Experiment config (beta=1, h_size=64, n_layer=2, shuffle=True, seed=1, test=False, store_gpu=True, layer_norm=False, num_epochs=10000, repetitions=1, lr=0.0005, Tik=False, decay=0.001, clip=1, env=CP, num_trajs=15, batch_size=256): Starting data generation
PID 2133162 - Device cuda:0 - Using GPU: Tesla V100-DGXS-32GB
PID 2133162 - Device cuda:0 - Allocated GPU memory: 0.00 GB
PID 2136013 - Device cuda:0 - Experiment config (beta=1, h_size=64, n_layer=2, shuffle=True, seed=1, test=False, store_gpu=True, layer_norm=False, num_epochs=10000, repetitions=1, lr=0.0005, Tik=False, decay=0.001, clip=1, env=CP, num_trajs=15, batch_size=256): Starting data generation
PID 2136013 - Device cuda:0 - Using GPU: Tesla V100-DGXS-32GB
PID 2136013 - Device cuda:0 - Allocated GPU memory: 0.00 GB
PID 2139634 - Device cuda:0 - Experiment config (beta=1, h_size=64, n_layer=2, shuffle=True, seed=1, test=False, store_gpu=True, layer_norm=False, num_epochs=10000, repetitions=1, lr=0.0005, Tik=False, decay=0.001, clip=1, env=CP, num_trajs=15, batch_size=256): Starting data generation
PID 2139634 - Device cuda:0 - Using GPU: Tesla V100-DGXS-32GB
PID 2139634 - Device cuda:0 - Allocated GPU memory: 0.00 GB
PID 2143589 - Device cuda:0 - Experiment config (beta=1, h_size=64, n_layer=2, shuffle=True, seed=1, test=False, store_gpu=True, layer_norm=False, num_epochs=10000, repetitions=1, lr=0.0005, Tik=False, decay=0.001, clip=1, env=CP, num_trajs=15, batch_size=256): Starting data generation
PID 2143589 - Device cuda:0 - Using GPU: Tesla V100-DGXS-32GB
PID 2143589 - Device cuda:0 - Allocated GPU memory: 0.00 GB
PID 2146576 - Device cuda:0 - Experiment config (beta=1, h_size=64, n_layer=2, shuffle=True, seed=1, test=False, store_gpu=True, layer_norm=False, num_epochs=10000, repetitions=1, lr=0.0005, Tik=False, decay=0.001, clip=1, env=CP, num_trajs=15, batch_size=256): Starting data generation
PID 2146576 - Device cuda:0 - Using GPU: Tesla V100-DGXS-32GB
PID 2146576 - Device cuda:0 - Allocated GPU memory: 0.00 GB
PID 2149552 - Device cuda:0 - Experiment config (beta=1, h_size=64, n_layer=2, shuffle=True, seed=1, test=False, store_gpu=True, layer_norm=False, num_epochs=10000, repetitions=1, lr=0.0005, Tik=False, decay=0.001, clip=1, env=CP, num_trajs=15, batch_size=256): Starting data generation
PID 2149552 - Device cuda:0 - Using GPU: Tesla V100-DGXS-32GB
PID 2149552 - Device cuda:0 - Allocated GPU memory: 0.00 GB
PID 2152441 - Device cuda:0 - Experiment config (beta=1, h_size=64, n_layer=2, shuffle=True, seed=1, test=False, store_gpu=True, layer_norm=False, num_epochs=10000, repetitions=1, lr=0.0005, Tik=False, decay=0.001, clip=1, env=CP, num_trajs=15, batch_size=256): Starting data generation
PID 2152441 - Device cuda:0 - Using GPU: Tesla V100-DGXS-32GB
PID 2152441 - Device cuda:0 - Allocated GPU memory: 0.00 GB
PID 2157451 - Device cuda:0 - Experiment config (beta=1, h_size=64, n_layer=2, shuffle=True, seed=1, test=False, store_gpu=True, layer_norm=False, num_epochs=10000, repetitions=1, lr=0.0005, Tik=False, decay=0.001, clip=1, env=CP, num_trajs=15, batch_size=256): Starting data generation
PID 2157451 - Device cuda:0 - Using GPU: Tesla V100-DGXS-32GB
PID 2157451 - Device cuda:0 - Allocated GPU memory: 0.00 GB
PID 2161685 - Device cuda:0 - Experiment config (beta=1, h_size=64, n_layer=2, shuffle=True, seed=1, test=False, store_gpu=True, layer_norm=False, num_epochs=10000, repetitions=1, lr=0.0005, Tik=False, decay=0.001, clip=1, env=CP, num_trajs=15, batch_size=256): Starting data generation
PID 2161685 - Device cuda:0 - Using GPU: Tesla V100-DGXS-32GB
PID 2161685 - Device cuda:0 - Allocated GPU memory: 0.00 GB
PID 2161678 - Device cuda:0 - Experiment config (beta=1, h_size=64, n_layer=2, shuffle=True, seed=1, test=False, store_gpu=True, layer_norm=False, num_epochs=10000, repetitions=1, lr=0.0005, Tik=False, decay=0.001, clip=1, env=CP, num_trajs=15, batch_size=256): Starting data generation
PID 2161678 - Device cuda:0 - Using GPU: Tesla V100-DGXS-32GB
PID 2161678 - Device cuda:0 - Allocated GPU memory: 0.00 GB
PID 2161682 - Device cuda:0 - Experiment config (beta=1, h_size=64, n_layer=2, shuffle=True, seed=1, test=False, store_gpu=True, layer_norm=False, num_epochs=10000, repetitions=1, lr=0.0005, Tik=False, decay=0.001, clip=1, env=CP, num_trajs=15, batch_size=256): Starting data generation
PID 2161682 - Device cuda:0 - Using GPU: Tesla V100-DGXS-32GB
PID 2161682 - Device cuda:0 - Allocated GPU memory: 0.00 GB
PID 2161677 - Device cuda:0 - Experiment config (beta=1, h_size=64, n_layer=2, shuffle=True, seed=1, test=False, store_gpu=True, layer_norm=False, num_epochs=10000, repetitions=1, lr=0.0005, Tik=False, decay=0.001, clip=1, env=CP, num_trajs=15, batch_size=256): Starting data generation
PID 2161677 - Device cuda:0 - Using GPU: Tesla V100-DGXS-32GB
PID 2161677 - Device cuda:0 - Allocated GPU memory: 0.00 GB
PID 2164909 - Device cuda:0 - Experiment config (beta=1, h_size=64, n_layer=2, shuffle=True, seed=1, test=False, store_gpu=True, layer_norm=False, num_epochs=10000, repetitions=1, lr=0.0005, Tik=False, decay=0.001, clip=1, env=CP, num_trajs=15, batch_size=256): Starting data generation
PID 2164909 - Device cuda:0 - Using GPU: Tesla V100-DGXS-32GB
PID 2164909 - Device cuda:0 - Allocated GPU memory: 0.00 GB
PID 2167870 - Device cuda:0 - Experiment config (beta=1, h_size=64, n_layer=2, shuffle=True, seed=1, test=False, store_gpu=True, layer_norm=False, num_epochs=10000, repetitions=1, lr=0.0005, Tik=False, decay=0.001, clip=1, env=CP, num_trajs=15, batch_size=256): Starting data generation
PID 2167870 - Device cuda:0 - Using GPU: Tesla V100-DGXS-32GB
PID 2167870 - Device cuda:0 - Allocated GPU memory: 0.00 GB
PID 2170863 - Device cuda:0 - Experiment config (beta=1, h_size=64, n_layer=2, shuffle=True, seed=1, test=False, store_gpu=True, layer_norm=False, num_epochs=10000, repetitions=1, lr=0.0005, Tik=False, decay=0.001, clip=1, env=CP, num_trajs=15, batch_size=256): Starting data generation
PID 2170863 - Device cuda:0 - Using GPU: Tesla V100-DGXS-32GB
PID 2170863 - Device cuda:0 - Allocated GPU memory: 0.00 GB
PID 2173586 - Device cuda:0 - Experiment config (beta=1, h_size=64, n_layer=2, shuffle=True, seed=1, test=False, store_gpu=True, layer_norm=False, num_epochs=10000, repetitions=1, lr=0.0005, Tik=False, decay=0.001, clip=1, env=CP, num_trajs=15, batch_size=256): Starting data generation
PID 2173586 - Device cuda:0 - Using GPU: Tesla V100-DGXS-32GB
PID 2173586 - Device cuda:0 - Allocated GPU memory: 0.00 GB
PID 2176562 - Device cuda:0 - Experiment config (beta=1, h_size=64, n_layer=2, shuffle=True, seed=1, test=False, store_gpu=True, layer_norm=False, num_epochs=10000, repetitions=1, lr=0.0005, Tik=False, decay=0.001, clip=1, env=CP, num_trajs=15, batch_size=256): Starting data generation
PID 2176562 - Device cuda:0 - Using GPU: Tesla V100-DGXS-32GB
PID 2176562 - Device cuda:0 - Allocated GPU memory: 0.00 GB
PID 2179577 - Device cuda:0 - Experiment config (beta=1, h_size=64, n_layer=2, shuffle=True, seed=1, test=False, store_gpu=True, layer_norm=False, num_epochs=10000, repetitions=1, lr=0.0005, Tik=False, decay=0.001, clip=1, env=CP, num_trajs=15, batch_size=256): Starting data generation
PID 2179577 - Device cuda:0 - Using GPU: Tesla V100-DGXS-32GB
PID 2179577 - Device cuda:0 - Allocated GPU memory: 0.00 GB
PID 2185135 - Device cuda:0 - Experiment config (beta=1, h_size=64, n_layer=2, shuffle=True, seed=1, test=False, store_gpu=True, layer_norm=False, num_epochs=10000, repetitions=1, lr=0.0005, Tik=False, decay=0.001, clip=1, env=CP, num_trajs=15, batch_size=256): Starting data generation
PID 2185135 - Device cuda:0 - Using GPU: Tesla V100-DGXS-32GB
PID 2185135 - Device cuda:0 - Allocated GPU memory: 0.00 GB
PID 2185135 - Device cuda:0 - Experiment config (beta=1, h_size=64, n_layer=2, shuffle=True, seed=1, test=False, store_gpu=True, layer_norm=False, num_epochs=10000, repetitions=1, lr=0.0005, Tik=False, decay=0.001, clip=1, env=CP, num_trajs=15, batch_size=256): Completed data generation
PID 2185135 - Device cuda:0 - Experiment config (beta=1, h_size=64, n_layer=2, shuffle=True, seed=1, test=False, store_gpu=True, layer_norm=False, num_epochs=10000, repetitions=1, lr=0.0005, Tik=False, decay=0.001, clip=1, env=CP, num_trajs=15, batch_size=256): Starting training
PID 2185135 - Device cuda:0 - Experiment config (beta=1, h_size=64, n_layer=2, shuffle=True, seed=1, test=False, store_gpu=True, layer_norm=False, num_epochs=10000, repetitions=1, lr=0.0005, Tik=False, decay=0.001, clip=1, env=CP, num_trajs=15, batch_size=256): Completed training
PID 2759258 - Device cuda:0 - Experiment config (beta=1, h_size=64, n_layer=2, shuffle=True, seed=1, test=False, store_gpu=True, layer_norm=False, num_epochs=15000, repetitions=1, lr=0.0005, Tik=False, decay=0.001, clip=1, env=CP, num_trajs=15, batch_size=256): Starting data generation
PID 2759258 - Device cuda:0 - Using GPU: Tesla V100-DGXS-32GB
PID 2759258 - Device cuda:0 - Allocated GPU memory: 0.00 GB
PID 2759258 - Device cuda:0 - Experiment config (beta=1, h_size=64, n_layer=2, shuffle=True, seed=1, test=False, store_gpu=True, layer_norm=False, num_epochs=15000, repetitions=1, lr=0.0005, Tik=False, decay=0.001, clip=1, env=CP, num_trajs=15, batch_size=256): Completed data generation
PID 2759258 - Device cuda:0 - Experiment config (beta=1, h_size=64, n_layer=2, shuffle=True, seed=1, test=False, store_gpu=True, layer_norm=False, num_epochs=15000, repetitions=1, lr=0.0005, Tik=False, decay=0.001, clip=1, env=CP, num_trajs=15, batch_size=256): Starting training
PID 2762214 - Device cuda:0 - Experiment config (beta=1, h_size=64, n_layer=2, shuffle=True, seed=1, test=False, store_gpu=True, layer_norm=False, num_epochs=15000, repetitions=1, lr=0.0005, Tik=False, decay=0.001, clip=1, env=CP, num_trajs=15, batch_size=256): Starting data generation
PID 2762214 - Device cuda:0 - Using GPU: Tesla V100-DGXS-32GB
PID 2762214 - Device cuda:0 - Allocated GPU memory: 0.00 GB
PID 2762214 - Device cuda:0 - Experiment config (beta=1, h_size=64, n_layer=2, shuffle=True, seed=1, test=False, store_gpu=True, layer_norm=False, num_epochs=15000, repetitions=1, lr=0.0005, Tik=False, decay=0.001, clip=1, env=CP, num_trajs=15, batch_size=256): Completed data generation
PID 2762214 - Device cuda:0 - Experiment config (beta=1, h_size=64, n_layer=2, shuffle=True, seed=1, test=False, store_gpu=True, layer_norm=False, num_epochs=15000, repetitions=1, lr=0.0005, Tik=False, decay=0.001, clip=1, env=CP, num_trajs=15, batch_size=256): Starting training
PID 2765156 - Device cuda:0 - Experiment config (beta=1, h_size=64, n_layer=2, shuffle=True, seed=1, test=False, store_gpu=True, layer_norm=False, num_epochs=15000, repetitions=1, lr=0.0005, Tik=False, decay=0.001, clip=1, env=CP, num_trajs=15, batch_size=256): Starting data generation
PID 2765156 - Device cuda:0 - Using GPU: Tesla V100-DGXS-32GB
PID 2765156 - Device cuda:0 - Allocated GPU memory: 0.00 GB
PID 2765156 - Device cuda:0 - Experiment config (beta=1, h_size=64, n_layer=2, shuffle=True, seed=1, test=False, store_gpu=True, layer_norm=False, num_epochs=15000, repetitions=1, lr=0.0005, Tik=False, decay=0.001, clip=1, env=CP, num_trajs=15, batch_size=256): Completed data generation
PID 2765156 - Device cuda:0 - Experiment config (beta=1, h_size=64, n_layer=2, shuffle=True, seed=1, test=False, store_gpu=True, layer_norm=False, num_epochs=15000, repetitions=1, lr=0.0005, Tik=False, decay=0.001, clip=1, env=CP, num_trajs=15, batch_size=256): Starting training
PID 2768080 - Device cuda:0 - Experiment config (beta=1, h_size=64, n_layer=2, shuffle=True, seed=1, test=False, store_gpu=True, layer_norm=False, num_epochs=15000, repetitions=1, lr=0.0005, Tik=False, decay=0.001, clip=1, env=CP, num_trajs=15, batch_size=256): Starting data generation
PID 2768080 - Device cuda:0 - Using GPU: Tesla V100-DGXS-32GB
PID 2768080 - Device cuda:0 - Allocated GPU memory: 0.00 GB
PID 2768080 - Device cuda:0 - Experiment config (beta=1, h_size=64, n_layer=2, shuffle=True, seed=1, test=False, store_gpu=True, layer_norm=False, num_epochs=15000, repetitions=1, lr=0.0005, Tik=False, decay=0.001, clip=1, env=CP, num_trajs=15, batch_size=256): Completed data generation
PID 2768080 - Device cuda:0 - Experiment config (beta=1, h_size=64, n_layer=2, shuffle=True, seed=1, test=False, store_gpu=True, layer_norm=False, num_epochs=15000, repetitions=1, lr=0.0005, Tik=False, decay=0.001, clip=1, env=CP, num_trajs=15, batch_size=256): Starting training
PID 2922181 - Device cuda:0 - Experiment config (beta=1, h_size=64, n_layer=2, shuffle=True, seed=1, test=False, store_gpu=True, layer_norm=False, num_epochs=20000, repetitions=1, lr=0.0005, Tik=False, decay=0.001, clip=1, env=LL, num_trajs=15, batch_size=256): Starting data generation
PID 2922181 - Device cuda:0 - Using GPU: Tesla V100-DGXS-32GB
PID 2922181 - Device cuda:0 - Allocated GPU memory: 0.00 GB
PID 2922181 - Device cuda:0 - Experiment config (beta=1, h_size=64, n_layer=2, shuffle=True, seed=1, test=False, store_gpu=True, layer_norm=False, num_epochs=20000, repetitions=1, lr=0.0005, Tik=False, decay=0.001, clip=1, env=LL, num_trajs=15, batch_size=256): Completed data generation
PID 2922181 - Device cuda:0 - Experiment config (beta=1, h_size=64, n_layer=2, shuffle=True, seed=1, test=False, store_gpu=True, layer_norm=False, num_epochs=20000, repetitions=1, lr=0.0005, Tik=False, decay=0.001, clip=1, env=LL, num_trajs=15, batch_size=256): Starting training
PID 2998360 - Device cuda:0 - Experiment config (beta=1, h_size=64, n_layer=2, shuffle=True, seed=1, test=False, store_gpu=True, layer_norm=False, num_epochs=20000, repetitions=1, lr=0.0005, Tik=False, decay=0.001, clip=1, env=LL, num_trajs=15, batch_size=256): Starting data generation
PID 2998360 - Device cuda:0 - Using GPU: Tesla V100-DGXS-32GB
PID 2998360 - Device cuda:0 - Allocated GPU memory: 0.00 GB
PID 2998360 - Device cuda:0 - Experiment config (beta=1, h_size=64, n_layer=2, shuffle=True, seed=1, test=False, store_gpu=True, layer_norm=False, num_epochs=20000, repetitions=1, lr=0.0005, Tik=False, decay=0.001, clip=1, env=LL, num_trajs=15, batch_size=256): Completed data generation
PID 2998360 - Device cuda:0 - Experiment config (beta=1, h_size=64, n_layer=2, shuffle=True, seed=1, test=False, store_gpu=True, layer_norm=False, num_epochs=20000, repetitions=1, lr=0.0005, Tik=False, decay=0.001, clip=1, env=LL, num_trajs=15, batch_size=256): Starting training
PID 2998360 - Device cuda:0 - Experiment config (beta=1, h_size=64, n_layer=2, shuffle=True, seed=1, test=False, store_gpu=True, layer_norm=False, num_epochs=20000, repetitions=1, lr=0.0005, Tik=False, decay=0.001, clip=1, env=LL, num_trajs=15, batch_size=256): Completed training
PID 3155824 - Device cuda:0 - Experiment config (beta=1, h_size=64, n_layer=2, shuffle=True, seed=1, test=False, store_gpu=True, layer_norm=False, num_epochs=15000, repetitions=1, lr=0.0005, Tik=False, decay=0.001, clip=1, env=AC, num_trajs=15, batch_size=256): Starting data generation
PID 3155824 - Device cuda:0 - Using GPU: Tesla V100-DGXS-32GB
PID 3155824 - Device cuda:0 - Allocated GPU memory: 0.00 GB
PID 3155824 - Device cuda:0 - Experiment config (beta=1, h_size=64, n_layer=2, shuffle=True, seed=1, test=False, store_gpu=True, layer_norm=False, num_epochs=15000, repetitions=1, lr=0.0005, Tik=False, decay=0.001, clip=1, env=AC, num_trajs=15, batch_size=256): Completed data generation
PID 3155824 - Device cuda:0 - Experiment config (beta=1, h_size=64, n_layer=2, shuffle=True, seed=1, test=False, store_gpu=True, layer_norm=False, num_epochs=15000, repetitions=1, lr=0.0005, Tik=False, decay=0.001, clip=1, env=AC, num_trajs=15, batch_size=256): Starting training
PID 3155824 - Device cuda:0 - Experiment config (beta=1, h_size=64, n_layer=2, shuffle=True, seed=1, test=False, store_gpu=True, layer_norm=False, num_epochs=15000, repetitions=1, lr=0.0005, Tik=False, decay=0.001, clip=1, env=AC, num_trajs=15, batch_size=256): Completed training
PID 3558071 - Device cuda:0 - Experiment config (beta=1, h_size=64, n_layer=2, shuffle=True, seed=1, test=False, store_gpu=True, layer_norm=False, num_epochs=15000, repetitions=1, lr=0.0005, Tik=False, decay=0.001, clip=1, env=CP, num_trajs=15, batch_size=256): Starting data generation
PID 3558071 - Device cuda:0 - Using GPU: Tesla V100-DGXS-32GB
PID 3558071 - Device cuda:0 - Allocated GPU memory: 0.00 GB
PID 3558071 - Device cuda:0 - Experiment config (beta=1, h_size=64, n_layer=2, shuffle=True, seed=1, test=False, store_gpu=True, layer_norm=False, num_epochs=15000, repetitions=1, lr=0.0005, Tik=False, decay=0.001, clip=1, env=CP, num_trajs=15, batch_size=256): Completed data generation
PID 3558071 - Device cuda:0 - Experiment config (beta=1, h_size=64, n_layer=2, shuffle=True, seed=1, test=False, store_gpu=True, layer_norm=False, num_epochs=15000, repetitions=1, lr=0.0005, Tik=False, decay=0.001, clip=1, env=CP, num_trajs=15, batch_size=256): Starting training
PID 3558071 - Device cuda:0 - Experiment config (beta=1, h_size=64, n_layer=2, shuffle=True, seed=1, test=False, store_gpu=True, layer_norm=False, num_epochs=15000, repetitions=1, lr=0.0005, Tik=False, decay=0.001, clip=1, env=CP, num_trajs=15, batch_size=256): Completed training
PID 3789272 - Device cuda:0 - Experiment config (beta=1, h_size=64, n_layer=2, shuffle=True, seed=1, test=False, store_gpu=True, layer_norm=False, num_epochs=15000, repetitions=1, lr=0.0005, Tik=False, decay=0.001, clip=1, env=CP, num_trajs=15, batch_size=256): Starting data generation
PID 3789272 - Device cuda:0 - Using GPU: Tesla V100-DGXS-32GB
PID 3789272 - Device cuda:0 - Allocated GPU memory: 0.00 GB
PID 3789280 - Device cuda:0 - Experiment config (beta=1, h_size=64, n_layer=2, shuffle=True, seed=1, test=False, store_gpu=True, layer_norm=False, num_epochs=15000, repetitions=1, lr=0.0005, Tik=False, decay=0.001, clip=1, env=CP, num_trajs=15, batch_size=256): Starting data generation
PID 3789280 - Device cuda:0 - Using GPU: Tesla V100-DGXS-32GB
PID 3789280 - Device cuda:0 - Allocated GPU memory: 0.00 GB
PID 3789271 - Device cuda:0 - Experiment config (beta=1, h_size=64, n_layer=2, shuffle=True, seed=1, test=False, store_gpu=True, layer_norm=False, num_epochs=15000, repetitions=1, lr=0.0005, Tik=False, decay=0.001, clip=1, env=CP, num_trajs=15, batch_size=256): Starting data generation
PID 3789271 - Device cuda:0 - Using GPU: Tesla V100-DGXS-32GB
PID 3789271 - Device cuda:0 - Allocated GPU memory: 0.00 GB
PID 3789275 - Device cuda:0 - Experiment config (beta=1, h_size=64, n_layer=2, shuffle=True, seed=1, test=False, store_gpu=True, layer_norm=False, num_epochs=15000, repetitions=1, lr=0.0005, Tik=False, decay=0.001, clip=1, env=CP, num_trajs=15, batch_size=256): Starting data generation
PID 3789275 - Device cuda:0 - Using GPU: Tesla V100-DGXS-32GB
PID 3789275 - Device cuda:0 - Allocated GPU memory: 0.00 GB
PID 3792340 - Device cuda:0 - Experiment config (beta=1, h_size=64, n_layer=2, shuffle=True, seed=1, test=False, store_gpu=True, layer_norm=False, num_epochs=15000, repetitions=1, lr=0.0005, Tik=False, decay=0.001, clip=1, env=CP, num_trajs=15, batch_size=256): Starting data generation
PID 3792340 - Device cuda:0 - Using GPU: Tesla V100-DGXS-32GB
PID 3792340 - Device cuda:0 - Allocated GPU memory: 0.00 GB
PID 3792340 - Device cuda:0 - Experiment config (beta=1, h_size=64, n_layer=2, shuffle=True, seed=1, test=False, store_gpu=True, layer_norm=False, num_epochs=15000, repetitions=1, lr=0.0005, Tik=False, decay=0.001, clip=1, env=CP, num_trajs=15, batch_size=256): Completed data generation
PID 3792340 - Device cuda:0 - Experiment config (beta=1, h_size=64, n_layer=2, shuffle=True, seed=1, test=False, store_gpu=True, layer_norm=False, num_epochs=15000, repetitions=1, lr=0.0005, Tik=False, decay=0.001, clip=1, env=CP, num_trajs=15, batch_size=256): Starting training
PID 3792340 - Device cuda:0 - Experiment config (beta=1, h_size=64, n_layer=2, shuffle=True, seed=1, test=False, store_gpu=True, layer_norm=False, num_epochs=15000, repetitions=1, lr=0.0005, Tik=False, decay=0.001, clip=1, env=CP, num_trajs=15, batch_size=256): Completed training
PID 363443 - Device cuda:0 - Experiment config (beta=1, h_size=64, n_layer=2, shuffle=True, seed=1, test=False, store_gpu=True, layer_norm=False, num_epochs=15000, repetitions=1, lr=0.0005, Tik=False, decay=0.001, clip=1, env=CP, num_trajs=15, batch_size=256): Starting training
PID 363443 - Device cuda:0 - Using GPU: Tesla V100-DGXS-32GB
PID 363443 - Device cuda:0 - Allocated GPU memory: 0.00 GB
PID 366233 - Device cuda:0 - Experiment config (beta=1, h_size=64, n_layer=2, shuffle=True, seed=1, test=False, store_gpu=True, layer_norm=False, num_epochs=15000, repetitions=1, lr=0.0005, Tik=False, decay=0.001, clip=1, env=CP, num_trajs=15, batch_size=256): Starting training
PID 366233 - Device cuda:0 - Using GPU: Tesla V100-DGXS-32GB
PID 366233 - Device cuda:0 - Allocated GPU memory: 0.00 GB
PID 369008 - Device cuda:0 - Experiment config (beta=1, h_size=64, n_layer=2, shuffle=True, seed=1, test=False, store_gpu=True, layer_norm=False, num_epochs=15000, repetitions=1, lr=0.0005, Tik=False, decay=0.001, clip=1, env=CP, num_trajs=15, batch_size=256): Starting training
PID 369008 - Device cuda:0 - Using GPU: Tesla V100-DGXS-32GB
PID 369008 - Device cuda:0 - Allocated GPU memory: 0.00 GB
PID 371847 - Device cuda:0 - Experiment config (beta=1, h_size=64, n_layer=2, shuffle=True, seed=1, test=False, store_gpu=True, layer_norm=False, num_epochs=15000, repetitions=1, lr=0.0005, Tik=False, decay=0.001, clip=1, env=CP, num_trajs=15, batch_size=256): Starting training
PID 371847 - Device cuda:0 - Using GPU: Tesla V100-DGXS-32GB
PID 371847 - Device cuda:0 - Allocated GPU memory: 0.00 GB
PID 375050 - Device cuda:0 - Experiment config (beta=1, h_size=64, n_layer=2, shuffle=True, seed=1, test=False, store_gpu=True, layer_norm=False, num_epochs=15000, repetitions=1, lr=0.0005, Tik=False, decay=0.001, clip=1, env=CP, num_trajs=15, batch_size=256): Starting training
PID 375050 - Device cuda:0 - Using GPU: Tesla V100-DGXS-32GB
PID 375050 - Device cuda:0 - Allocated GPU memory: 0.00 GB
PID 377963 - Device cuda:0 - Experiment config (beta=1, h_size=64, n_layer=2, shuffle=True, seed=1, test=False, store_gpu=True, layer_norm=False, num_epochs=15000, repetitions=1, lr=0.0005, Tik=False, decay=0.001, clip=1, env=CP, num_trajs=15, batch_size=256): Starting training
PID 377963 - Device cuda:0 - Using GPU: Tesla V100-DGXS-32GB
PID 377963 - Device cuda:0 - Allocated GPU memory: 0.00 GB
PID 537647 - Device cuda:0 - Experiment config (beta=1, h_size=64, n_layer=2, shuffle=True, seed=1, test=False, store_gpu=True, layer_norm=False, num_epochs=15000, repetitions=1, lr=0.0005, Tik=False, decay=0.001, clip=1, env=CP, num_trajs=15, batch_size=256): Starting training
PID 537647 - Device cuda:0 - Using GPU: Tesla V100-DGXS-32GB
PID 537647 - Device cuda:0 - Allocated GPU memory: 0.00 GB
PID 464017 - Device cuda:0 - Experiment config (beta=1, h_size=64, n_layer=2, shuffle=True, seed=1, test=False, store_gpu=True, layer_norm=False, num_epochs=15000, repetitions=1, lr=0.0005, Tik=False, decay=0.001, clip=1, env=CP, num_trajs=15, batch_size=256): Starting training
PID 464017 - Device cuda:0 - Using GPU: Tesla V100-DGXS-32GB
PID 464017 - Device cuda:0 - Allocated GPU memory: 0.00 GB
PID 466980 - Device cuda:0 - Experiment config (beta=1, h_size=64, n_layer=2, shuffle=True, seed=1, test=False, store_gpu=True, layer_norm=False, num_epochs=5000, repetitions=1, lr=0.0005, Tik=False, decay=0.001, clip=1, env=LL, num_trajs=15, batch_size=256): Starting training
PID 466980 - Device cuda:0 - Using GPU: Tesla V100-DGXS-32GB
PID 466980 - Device cuda:0 - Allocated GPU memory: 0.00 GB
PID 470599 - Device cuda:0 - Experiment config (beta=1, h_size=64, n_layer=2, shuffle=True, seed=1, test=False, store_gpu=True, layer_norm=False, num_epochs=5000, repetitions=1, lr=0.0005, Tik=False, decay=0.001, clip=1, env=LL, num_trajs=15, batch_size=256): Starting training
PID 470599 - Device cuda:0 - Using GPU: Tesla V100-DGXS-32GB
PID 470599 - Device cuda:0 - Allocated GPU memory: 0.00 GB
PID 615480 - Device cuda:0 - Experiment config (beta=1, h_size=64, n_layer=2, shuffle=True, seed=1, test=False, store_gpu=True, layer_norm=False, num_epochs=5000, repetitions=1, lr=0.0005, Tik=False, decay=0.001, clip=1, env=LL, num_trajs=15, batch_size=256): Starting training
PID 615480 - Device cuda:0 - Using GPU: Tesla V100-DGXS-32GB
PID 615480 - Device cuda:0 - Allocated GPU memory: 0.00 GB
PID 615480 - Device cuda:0 - Experiment config (beta=1, h_size=64, n_layer=2, shuffle=True, seed=1, test=False, store_gpu=True, layer_norm=False, num_epochs=5000, repetitions=1, lr=0.0005, Tik=False, decay=0.001, clip=1, env=LL, num_trajs=15, batch_size=256): Completed training
PID 1977105 - Device cuda:0 - Experiment config (beta=1, h_size=64, n_layer=2, shuffle=True, seed=1, test=False, store_gpu=True, layer_norm=False, num_updates=5000, repetitions=1, zero_bias_correction=True, lr=0.0005, Tik=False, decay=0.001, clip=1, env=LL, num_trajs=15, batch_size=256): Starting training
PID 1977105 - Device cuda:0 - Using GPU: Tesla V100-DGXS-32GB
PID 1977105 - Device cuda:0 - Allocated GPU memory: 0.00 GB
PID 1977105 - Device cuda:0 - Experiment config (beta=1, h_size=64, n_layer=2, shuffle=True, seed=1, test=False, store_gpu=True, layer_norm=False, num_updates=5000, repetitions=1, zero_bias_correction=True, lr=0.0005, Tik=False, decay=0.001, clip=1, env=LL, num_trajs=15, batch_size=256): Completed training
PID 2195936 - Device cuda:0 - Experiment config (beta=1, h_size=64, n_layer=2, shuffle=True, seed=1, test=False, store_gpu=True, layer_norm=False, num_updates=5000, repetitions=1, zero_bias_correction=True, online_eval_interval=1000, online_eval_episodes=5, lr=0.0005, Tik=False, decay=0.001, clip=1, env=LL, num_trajs=15, batch_size=256): Starting training
PID 2195936 - Device cuda:0 - Using GPU: Tesla V100-DGXS-32GB
PID 2195936 - Device cuda:0 - Allocated GPU memory: 0.00 GB
PID 2195936 - Device cuda:0 - Experiment config (beta=1, h_size=64, n_layer=2, shuffle=True, seed=1, test=False, store_gpu=True, layer_norm=False, num_updates=5000, repetitions=1, zero_bias_correction=True, online_eval_interval=1000, online_eval_episodes=5, lr=0.0005, Tik=False, decay=0.001, clip=1, env=LL, num_trajs=15, batch_size=256): Completed training
PID 2457369 - Device cuda:0 - Experiment config (beta=1, h_size=64, n_layer=2, shuffle=True, seed=1, test=False, store_gpu=True, layer_norm=False, num_updates=30000, repetitions=1, zero_bias_correction=True, online_eval_interval=1000, online_eval_episodes=5, lr=0.0005, Tik=False, decay=0.001, clip=1, env=LL, num_trajs=15, batch_size=256): Starting training
PID 2457369 - Device cuda:0 - Using GPU: Tesla V100-DGXS-32GB
PID 2457369 - Device cuda:0 - Allocated GPU memory: 0.00 GB
PID 2457369 - Device cuda:0 - Experiment config (beta=1, h_size=64, n_layer=2, shuffle=True, seed=1, test=False, store_gpu=True, layer_norm=False, num_updates=30000, repetitions=1, zero_bias_correction=True, online_eval_interval=1000, online_eval_episodes=5, lr=0.0005, Tik=False, decay=0.001, clip=1, env=LL, num_trajs=15, batch_size=256): Completed training
PID 4095879 - Device cuda:0 - Experiment config (beta=0.99, h_size=64, n_layer=2, shuffle=True, seed=1, test=False, store_gpu=True, layer_norm=False, num_updates=30000, repetitions=1, zero_bias_correction=True, online_eval_interval=1000, online_eval_episodes=5, lr=0.0005, Tik=False, decay=0.001, clip=1, env=LL, num_trajs=15, batch_size=256): Starting training
PID 4095879 - Device cuda:0 - Using GPU: Tesla V100-DGXS-32GB
PID 4095879 - Device cuda:0 - Allocated GPU memory: 0.00 GB
PID 4095879 - Device cuda:0 - Experiment config (beta=0.99, h_size=64, n_layer=2, shuffle=True, seed=1, test=False, store_gpu=True, layer_norm=False, num_updates=30000, repetitions=1, zero_bias_correction=True, online_eval_interval=1000, online_eval_episodes=5, lr=0.0005, Tik=False, decay=0.001, clip=1, env=LL, num_trajs=15, batch_size=256): Completed training
PID 4148873 - Device cuda:0 - Experiment config (beta=0.99, h_size=64, n_layer=2, shuffle=True, seed=1, test=False, store_gpu=True, layer_norm=False, num_updates=30000, repetitions=1, zero_bias_correction=True, online_eval_interval=1000, online_eval_episodes=5, lr=0.0005, Tik=False, decay=0.001, clip=1, env=LL, num_trajs=15, batch_size=256): Starting training
PID 4148873 - Device cuda:0 - Using GPU: Tesla V100-DGXS-32GB
PID 4148873 - Device cuda:0 - Allocated GPU memory: 0.00 GB
PID 4148873 - Device cuda:0 - Experiment config (beta=0.99, h_size=64, n_layer=2, shuffle=True, seed=1, test=False, store_gpu=True, layer_norm=False, num_updates=30000, repetitions=1, zero_bias_correction=True, online_eval_interval=1000, online_eval_episodes=5, lr=0.0005, Tik=False, decay=0.001, clip=1, env=LL, num_trajs=15, batch_size=256): Completed training
PID 4183780 - Device cuda:0 - Experiment config (beta=0.99, h_size=64, n_layer=2, shuffle=True, seed=1, test=False, store_gpu=True, layer_norm=False, num_updates=100000, repetitions=1, zero_bias_correction=True, online_eval_interval=1000, online_eval_episodes=5, lr=0.0005, Tik=False, decay=0.001, clip=1, env=LL, num_trajs=15, batch_size=512): Starting training
PID 4183780 - Device cuda:0 - Using GPU: Tesla V100-DGXS-32GB
PID 4183780 - Device cuda:0 - Allocated GPU memory: 0.00 GB
PID 4183780 - Device cuda:0 - Experiment config (beta=0.99, h_size=64, n_layer=2, shuffle=True, seed=1, test=False, store_gpu=True, layer_norm=False, num_updates=100000, repetitions=1, zero_bias_correction=True, online_eval_interval=1000, online_eval_episodes=5, lr=0.0005, Tik=False, decay=0.001, clip=1, env=LL, num_trajs=15, batch_size=512): Completed training
PID 56243 - Device cuda:0 - Experiment config (beta=0.99, h_size=64, n_layer=2, shuffle=True, seed=1, test=False, store_gpu=True, layer_norm=False, num_updates=100000, repetitions=1, zero_bias_correction=True, online_eval_interval=1000, online_eval_episodes=10, lr=0.001, Tik=False, decay=0.0001, clip=1, env=LL, num_trajs=15, batch_size=512): Starting training
PID 56243 - Device cuda:0 - Using GPU: Tesla V100-DGXS-32GB
PID 56243 - Device cuda:0 - Allocated GPU memory: 0.00 GB
PID 59942 - Device cuda:0 - Experiment config (beta=0.99, h_size=64, n_layer=2, shuffle=True, seed=1, test=False, store_gpu=True, layer_norm=False, num_updates=100000, repetitions=1, zero_bias_correction=True, online_eval_interval=1000, online_eval_episodes=10, lr=0.001, Tik=False, decay=0.0001, clip=1, env=LL, num_trajs=15, batch_size=1024): Starting training
PID 59942 - Device cuda:0 - Using GPU: Tesla V100-DGXS-32GB
PID 59942 - Device cuda:0 - Allocated GPU memory: 0.00 GB
PID 59942 - Device cuda:0 - Experiment config (beta=0.99, h_size=64, n_layer=2, shuffle=True, seed=1, test=False, store_gpu=True, layer_norm=False, num_updates=100000, repetitions=1, zero_bias_correction=True, online_eval_interval=1000, online_eval_episodes=10, lr=0.001, Tik=False, decay=0.0001, clip=1, env=LL, num_trajs=15, batch_size=1024): Completed training
PID 123901 - Device cuda:0 - Experiment config (beta=0.99, h_size=64, n_layer=2, shuffle=True, seed=1, test=False, store_gpu=True, layer_norm=False, num_updates=100000, repetitions=1, zero_bias_correction=True, online_eval_interval=1000, online_eval_episodes=10, lr=0.001, Tik=False, decay=0.0001, clip=1, env=LL, num_trajs=15, batch_size=256, reward_scale=10): Starting training
PID 123901 - Device cuda:0 - Using GPU: Tesla V100-DGXS-32GB
PID 123901 - Device cuda:0 - Allocated GPU memory: 0.00 GB
PID 129502 - Device cuda:0 - Experiment config (beta=0.99, h_size=64, n_layer=2, shuffle=True, seed=1, test=False, store_gpu=True, layer_norm=False, num_updates=100000, repetitions=1, zero_bias_correction=True, online_eval_interval=1000, online_eval_episodes=10, lr=0.001, Tik=False, decay=0.0001, clip=1, env=LL, num_trajs=15, batch_size=256, reward_scale=10): Starting training
PID 129502 - Device cuda:0 - Using GPU: Tesla V100-DGXS-32GB
PID 129502 - Device cuda:0 - Allocated GPU memory: 0.00 GB
PID 133058 - Device cuda:0 - Experiment config (beta=0.99, h_size=64, n_layer=2, shuffle=True, seed=1, test=False, store_gpu=True, layer_norm=False, num_updates=100000, repetitions=1, zero_bias_correction=True, online_eval_interval=1000, online_eval_episodes=10, lr=0.001, Tik=False, decay=0.0001, clip=10, env=LL, num_trajs=15, batch_size=256, reward_scale=10): Starting training
PID 133058 - Device cuda:0 - Using GPU: Tesla V100-DGXS-32GB
PID 133058 - Device cuda:0 - Allocated GPU memory: 0.00 GB
PID 149984 - Device cuda:0 - Experiment config (beta=0.99, h_size=64, n_layer=2, shuffle=True, seed=1, store_gpu=True, layer_norm=False, num_updates=100000, repetitions=1, zero_bias_correction=True, online_eval_interval=1000, online_eval_episodes=10, lr=0.001, decay=0.0001, clip=10, env=LL, batch_size=256, reward_scale=10): Starting training
PID 149984 - Device cuda:0 - Using GPU: Tesla V100-DGXS-32GB
PID 149984 - Device cuda:0 - Allocated GPU memory: 0.00 GB
PID 133058 - Device cuda:0 - Experiment config (beta=0.99, h_size=64, n_layer=2, shuffle=True, seed=1, test=False, store_gpu=True, layer_norm=False, num_updates=100000, repetitions=1, zero_bias_correction=True, online_eval_interval=1000, online_eval_episodes=10, lr=0.001, Tik=False, decay=0.0001, clip=10, env=LL, num_trajs=15, batch_size=256, reward_scale=10): Completed training
PID 149984 - Device cuda:0 - Experiment config (beta=0.99, h_size=64, n_layer=2, shuffle=True, seed=1, store_gpu=True, layer_norm=False, num_updates=100000, repetitions=1, zero_bias_correction=True, online_eval_interval=1000, online_eval_episodes=10, lr=0.001, decay=0.0001, clip=10, env=LL, batch_size=256, reward_scale=10): Completed training
PID 179935 - Device cuda:0 - Experiment config (beta=0.99, h_size=64, n_layer=2, shuffle=True, seed=1, store_gpu=True, layer_norm=False, num_updates=100000, repetitions=1, zero_bias_correction=True, online_eval_interval=1000, online_eval_episodes=10, lr=0.001, decay=0.0001, clip=10, env=LL, batch_size=256, reward_scale=10): Starting training
PID 179935 - Device cuda:0 - Using GPU: Tesla V100-DGXS-32GB
PID 179935 - Device cuda:0 - Allocated GPU memory: 0.00 GB
PID 179935 - Device cuda:0 - Experiment config (beta=0.99, h_size=64, n_layer=2, shuffle=True, seed=1, store_gpu=True, layer_norm=False, num_updates=100000, repetitions=1, zero_bias_correction=True, online_eval_interval=1000, online_eval_episodes=10, lr=0.001, decay=0.0001, clip=10, env=LL, batch_size=256, reward_scale=10): Completed training
PID 414808 - Device cuda:0 - Experiment config (beta=0.99, h_size=256, n_layer=3, shuffle=True, seed=1, store_gpu=True, layer_norm=False, weight_init=orthogonal, num_updates=100000, repetitions=1, zero_bias_correction=True, online_eval_interval=1000, online_eval_episodes=10, lr=0.0001137, decay=6.142e-05, clip=10.0, d_q_ratio=5, env=LL, batch_size=1024, reward_scale=10): Starting training
PID 414808 - Device cuda:0 - Using GPU: Tesla V100-DGXS-32GB
PID 414808 - Device cuda:0 - Allocated GPU memory: 0.00 GB
PID 418586 - Device cuda:0 - Experiment config (beta=0.99, h_size=256, n_layer=3, shuffle=True, seed=1, store_gpu=True, layer_norm=False, weight_init=orthogonal, num_updates=100000, repetitions=1, zero_bias_correction=True, online_eval_interval=1000, online_eval_episodes=10, lr=0.0001137, decay=6.142e-05, clip=10.0, d_q_ratio=10, env=LL, batch_size=1024, reward_scale=10): Starting training
PID 418586 - Device cuda:0 - Using GPU: Tesla V100-DGXS-32GB
PID 418586 - Device cuda:0 - Allocated GPU memory: 0.00 GB
PID 414808 - Device cuda:0 - Experiment config (beta=0.99, h_size=256, n_layer=3, shuffle=True, seed=1, store_gpu=True, layer_norm=False, weight_init=orthogonal, num_updates=100000, repetitions=1, zero_bias_correction=True, online_eval_interval=1000, online_eval_episodes=10, lr=0.0001137, decay=6.142e-05, clip=10.0, d_q_ratio=5, env=LL, batch_size=1024, reward_scale=10): Completed training
PID 418586 - Device cuda:0 - Experiment config (beta=0.99, h_size=256, n_layer=3, shuffle=True, seed=1, store_gpu=True, layer_norm=False, weight_init=orthogonal, num_updates=100000, repetitions=1, zero_bias_correction=True, online_eval_interval=1000, online_eval_episodes=10, lr=0.0001137, decay=6.142e-05, clip=10.0, d_q_ratio=10, env=LL, batch_size=1024, reward_scale=10): Completed training
PID 488150 - Device cuda:0 - Experiment config (beta=0.99, h_size=256, n_layer=3, shuffle=True, seed=1, store_gpu=True, layer_norm=False, weight_init=orthogonal, num_updates=30000, repetitions=1, zero_bias_correction=True, online_eval_interval=1000, online_eval_episodes=10, lr=0.0001137, decay=6.142e-05, clip=10.0, d_q_ratio=5, env=CP, batch_size=256, reward_scale=10): Starting training
PID 488150 - Device cuda:0 - Using GPU: Tesla V100-DGXS-32GB
PID 488150 - Device cuda:0 - Allocated GPU memory: 0.00 GB
PID 488150 - Device cuda:0 - Experiment config (beta=0.99, h_size=256, n_layer=3, shuffle=True, seed=1, store_gpu=True, layer_norm=False, weight_init=orthogonal, num_updates=30000, repetitions=1, zero_bias_correction=True, online_eval_interval=1000, online_eval_episodes=10, lr=0.0001137, decay=6.142e-05, clip=10.0, d_q_ratio=5, env=CP, batch_size=256, reward_scale=10): Completed training
PID 607546 - Device cuda:0 - Experiment config (beta=0.99, h_size=256, n_layer=3, shuffle=True, seed=1, store_gpu=True, layer_norm=False, weight_init=orthogonal, num_updates=30000, repetitions=1, zero_bias_correction=True, online_eval_interval=1000, online_eval_episodes=10, lr=0.0001137, decay=6.142e-05, clip=10.0, d_q_ratio=5, env=CP, batch_size=256, reward_scale=10): Starting training
PID 607546 - Device cuda:0 - Using GPU: Tesla V100-DGXS-32GB
PID 607546 - Device cuda:0 - Allocated GPU memory: 0.00 GB
PID 610427 - Device cuda:0 - Experiment config (beta=0.99, h_size=256, n_layer=3, shuffle=True, seed=1, store_gpu=True, layer_norm=False, weight_init=orthogonal, num_updates=30000, repetitions=1, zero_bias_correction=True, online_eval_interval=1000, online_eval_episodes=10, lr=0.0001137, decay=6.142e-05, clip=10.0, d_q_ratio=5, env=CP, batch_size=256, reward_scale=10): Starting training
PID 610427 - Device cuda:0 - Using GPU: Tesla V100-DGXS-32GB
PID 610427 - Device cuda:0 - Allocated GPU memory: 0.00 GB
PID 610427 - Device cuda:0 - Experiment config (beta=0.99, h_size=256, n_layer=3, shuffle=True, seed=1, store_gpu=True, layer_norm=False, weight_init=orthogonal, num_updates=30000, repetitions=1, zero_bias_correction=True, online_eval_interval=1000, online_eval_episodes=10, lr=0.0001137, decay=6.142e-05, clip=10.0, d_q_ratio=5, env=CP, batch_size=256, reward_scale=10): Completed training
PID 628331 - Device cuda:0 - Experiment config (beta=0.99, h_size=256, n_layer=3, shuffle=True, seed=1, layer_norm=False, num_epochs=30000, num_trajs=1000, repetitions=1, eval_interval=1000, eval_episodes=10, lr=0.0001, decay=6e-05, clip=10.0, d_q_ratio=5, zero_bias_correction=True, env=CP, batch_size=256): Starting training
PID 628331 - Device cuda:0 - Using GPU: Tesla V100-DGXS-32GB
PID 628331 - Device cuda:0 - Allocated GPU memory: 0.00 GB
PID 628331 - Device cuda:0 - Experiment config (beta=0.99, h_size=256, n_layer=3, shuffle=True, seed=1, layer_norm=False, num_epochs=30000, num_trajs=1000, repetitions=1, eval_interval=1000, eval_episodes=10, lr=0.0001, decay=6e-05, clip=10.0, d_q_ratio=5, zero_bias_correction=True, env=CP, batch_size=256): Completed training
